c:\users\blues\desktop\sga_programming\sga_lectures_basic\.int\x64\engine\game.obj
c:\users\blues\desktop\sga_programming\sga_lectures_basic\.int\x64\engine\rendering.obj
c:\users\blues\desktop\sga_programming\sga_lectures_basic\.int\x64\engine\input.obj
c:\users\blues\desktop\sga_programming\sga_lectures_basic\.int\x64\engine\entry.obj
c:\users\blues\desktop\sga_programming\sga_lectures_basic\.int\x64\engine\engine.obj
c:\users\blues\desktop\sga_programming\sga_lectures_basic\.int\x64\engine\sound.obj
c:\users\blues\desktop\sga_programming\sga_lectures_basic\.int\x64\engine\collision.obj
c:\users\blues\desktop\sga_programming\sga_lectures_basic\.int\x64\engine\resource.obj
c:\users\blues\desktop\sga_programming\sga_lectures_basic\.int\x64\engine\pipeline.obj
c:\users\blues\desktop\sga_programming\sga_lectures_basic\.int\x64\engine\time.obj
c:\users\blues\desktop\sga_programming\sga_lectures_basic\.lib\06_direct3d_basic_x64.pdb
c:\users\blues\desktop\sga_programming\sga_lectures_basic\06_direct3d_basic_x64\shader\bytecode\pixelshader.h
c:\users\blues\desktop\sga_programming\sga_lectures_basic\.lib\pixelshader.cso
c:\users\blues\desktop\sga_programming\sga_lectures_basic\06_direct3d_basic_x64\shader\bytecode\vertexshader.h
c:\users\blues\desktop\sga_programming\sga_lectures_basic\.lib\vertexshader.cso
c:\users\blues\desktop\sga_programming\sga_lectures_basic\.lib\06_direct3d_basic_x64.lib
c:\users\blues\desktop\sga_programming\sga_lectures_basic\.int\x64\engine\06_direc.2351c3c8.tlog\cl.15892.write.1.tlog
c:\users\blues\desktop\sga_programming\sga_lectures_basic\.int\x64\engine\06_direc.2351c3c8.tlog\cl.command.1.tlog
c:\users\blues\desktop\sga_programming\sga_lectures_basic\.int\x64\engine\06_direc.2351c3c8.tlog\cl.read.1.tlog
c:\users\blues\desktop\sga_programming\sga_lectures_basic\.int\x64\engine\06_direc.2351c3c8.tlog\fxc.command.1.tlog
c:\users\blues\desktop\sga_programming\sga_lectures_basic\.int\x64\engine\06_direc.2351c3c8.tlog\fxc.read.1.tlog
c:\users\blues\desktop\sga_programming\sga_lectures_basic\.int\x64\engine\06_direc.2351c3c8.tlog\fxc.write.1.tlog
c:\users\blues\desktop\sga_programming\sga_lectures_basic\.int\x64\engine\06_direc.2351c3c8.tlog\lib-link.read.1.tlog
c:\users\blues\desktop\sga_programming\sga_lectures_basic\.int\x64\engine\06_direc.2351c3c8.tlog\lib-link.write.1.tlog
c:\users\blues\desktop\sga_programming\sga_lectures_basic\.int\x64\engine\06_direc.2351c3c8.tlog\lib.command.1.tlog
